<?xml version="1.0" encoding="UTF-8"?>
<!-- Generated by org.testng.reporters.JUnitXMLReporter -->
<testsuite hostname="Lenovo-PC" ignored="0" name=" depedency Test" tests="3" failures="1" timestamp="13 Dec 2018 04:46:39 GMT" time="0.015" errors="0">
  <testcase name="doUserReg" time="0.0" classname="LearningTestNG.TestCase3">
    <failure type="java.lang.AssertionError" message="User reg test failed as sumbit button is missing">
      <![CDATA[java.lang.AssertionError: User reg test failed as sumbit button is missing
at LearningTestNG.TestCase3.doUserReg(TestCase3.java:21)
... Removed 26 stack frames]]>
    </failure>
  </testcase> <!-- doUserReg -->
  <testcase name="doLogin" time="0.0" classname="LearningTestNG.TestCase3"/>
  <testcase name="isSkip" time="0.0" classname="LearningTestNG.TestCase3">
    <skipped/>
  </testcase> <!-- isSkip -->
</testsuite> <!--  depedency Test -->
